[23.248s] DEBUG:colcon:Command line arguments: ['/usr/bin/colcon', 'list', '-p', '--base-paths', '/home/user/Shb_ws']
[23.248s] DEBUG:colcon:Parsed command line arguments: Namespace(allow_overriding=[], base_paths=['/home/user/Shb_ws'], build_base='build', ignore_user_meta=False, log_base=None, log_level=None, main=<bound method ListVerb.main of <colcon_package_information.verb.list.ListVerb object at 0xffff830117c0>>, metas=['./colcon.meta'], names_only=False, packages_above=None, packages_above_and_dependencies=None, packages_above_depth=None, packages_end=None, packages_ignore=None, packages_ignore_regex=None, packages_select=None, packages_select_build_failed=False, packages_select_by_dep=None, packages_select_regex=None, packages_select_test_failures=False, packages_skip=None, packages_skip_build_finished=False, packages_skip_by_dep=None, packages_skip_regex=None, packages_skip_test_passed=False, packages_skip_up_to=None, packages_start=None, packages_up_to=None, packages_up_to_regex=None, paths=None, paths_only=True, topological_graph=False, topological_graph_density=False, topological_graph_dot=False, topological_graph_dot_cluster=False, topological_graph_dot_include_skipped=False, topological_graph_legend=False, topological_order=False, verb_extension=<colcon_package_information.verb.list.ListVerb object at 0xffff830117c0>, verb_name='list', verb_parser=<colcon_defaults.argument_parser.defaults.DefaultArgumentsDecorator object at 0xffff82fdf640>)
[24.258s] Level 1:colcon.colcon_core.package_discovery:discover_packages(colcon_meta) check parameters
[24.261s] Level 1:colcon.colcon_core.package_discovery:discover_packages(recursive) check parameters
[24.262s] Level 1:colcon.colcon_core.package_discovery:discover_packages(ignore) check parameters
[24.262s] Level 1:colcon.colcon_core.package_discovery:discover_packages(path) check parameters
[24.265s] Level 1:colcon.colcon_core.package_discovery:discover_packages(recursive) discover
[24.265s] INFO:colcon.colcon_core.package_discovery:Crawling recursively for packages in '/home/user/Shb_ws'
[24.266s] Level 1:colcon.colcon_core.package_identification:_identify(/home/user/Shb_ws) by extensions ['ignore', 'ignore_ament_install']
[24.268s] Level 1:colcon.colcon_core.package_identification:_identify(/home/user/Shb_ws) by extension 'ignore'
[24.268s] Level 1:colcon.colcon_core.package_identification:_identify(/home/user/Shb_ws) by extension 'ignore_ament_install'
[24.271s] Level 1:colcon.colcon_core.package_identification:_identify(/home/user/Shb_ws) by extensions ['colcon_pkg']
[24.271s] Level 1:colcon.colcon_core.package_identification:_identify(/home/user/Shb_ws) by extension 'colcon_pkg'
[24.271s] Level 1:colcon.colcon_core.package_identification:_identify(/home/user/Shb_ws) by extensions ['colcon_meta']
[24.271s] Level 1:colcon.colcon_core.package_identification:_identify(/home/user/Shb_ws) by extension 'colcon_meta'
[24.271s] Level 1:colcon.colcon_core.package_identification:_identify(/home/user/Shb_ws) by extensions ['ros']
[24.272s] Level 1:colcon.colcon_core.package_identification:_identify(/home/user/Shb_ws) by extension 'ros'
[24.368s] Level 1:colcon.colcon_core.package_identification:_identify(/home/user/Shb_ws) by extensions ['cmake', 'python']
[24.368s] Level 1:colcon.colcon_core.package_identification:_identify(/home/user/Shb_ws) by extension 'cmake'
[24.369s] Level 1:colcon.colcon_core.package_identification:_identify(/home/user/Shb_ws) by extension 'python'
[24.370s] Level 1:colcon.colcon_core.package_identification:_identify(/home/user/Shb_ws) by extensions ['python_setup_py']
[24.370s] Level 1:colcon.colcon_core.package_identification:_identify(/home/user/Shb_ws) by extension 'python_setup_py'
[24.371s] Level 1:colcon.colcon_core.package_identification:_identify(/home/user/Shb_ws/back) by extensions ['ignore', 'ignore_ament_install']
[24.374s] Level 1:colcon.colcon_core.package_identification:_identify(/home/user/Shb_ws/back) by extension 'ignore'
[24.375s] Level 1:colcon.colcon_core.package_identification:_identify(/home/user/Shb_ws/back) by extension 'ignore_ament_install'
[24.375s] Level 1:colcon.colcon_core.package_identification:_identify(/home/user/Shb_ws/back) by extensions ['colcon_pkg']
[24.376s] Level 1:colcon.colcon_core.package_identification:_identify(/home/user/Shb_ws/back) by extension 'colcon_pkg'
[24.377s] Level 1:colcon.colcon_core.package_identification:_identify(/home/user/Shb_ws/back) by extensions ['colcon_meta']
[24.377s] Level 1:colcon.colcon_core.package_identification:_identify(/home/user/Shb_ws/back) by extension 'colcon_meta'
[24.378s] Level 1:colcon.colcon_core.package_identification:_identify(/home/user/Shb_ws/back) by extensions ['ros']
[24.378s] Level 1:colcon.colcon_core.package_identification:_identify(/home/user/Shb_ws/back) by extension 'ros'
[24.380s] Level 1:colcon.colcon_core.package_identification:_identify(/home/user/Shb_ws/back) by extensions ['cmake', 'python']
[24.380s] Level 1:colcon.colcon_core.package_identification:_identify(/home/user/Shb_ws/back) by extension 'cmake'
[24.380s] Level 1:colcon.colcon_core.package_identification:_identify(/home/user/Shb_ws/back) by extension 'python'
[24.382s] Level 1:colcon.colcon_core.package_identification:_identify(/home/user/Shb_ws/back) by extensions ['python_setup_py']
[24.382s] Level 1:colcon.colcon_core.package_identification:_identify(/home/user/Shb_ws/back) by extension 'python_setup_py'
[24.384s] Level 1:colcon.colcon_core.package_identification:_identify(/home/user/Shb_ws/build) by extensions ['ignore', 'ignore_ament_install']
[24.387s] Level 1:colcon.colcon_core.package_identification:_identify(/home/user/Shb_ws/build) by extension 'ignore'
[24.388s] Level 1:colcon.colcon_core.package_identification:_identify(/home/user/Shb_ws/build) by extension 'ignore_ament_install'
[24.388s] Level 1:colcon.colcon_core.package_identification:_identify(/home/user/Shb_ws/build) by extensions ['colcon_pkg']
[24.388s] Level 1:colcon.colcon_core.package_identification:_identify(/home/user/Shb_ws/build) by extension 'colcon_pkg'
[24.389s] Level 1:colcon.colcon_core.package_identification:_identify(/home/user/Shb_ws/build) by extensions ['colcon_meta']
[24.389s] Level 1:colcon.colcon_core.package_identification:_identify(/home/user/Shb_ws/build) by extension 'colcon_meta'
[24.391s] Level 1:colcon.colcon_core.package_identification:_identify(/home/user/Shb_ws/build) by extensions ['ros']
[24.392s] Level 1:colcon.colcon_core.package_identification:_identify(/home/user/Shb_ws/build) by extension 'ros'
[24.392s] Level 1:colcon.colcon_core.package_identification:_identify(/home/user/Shb_ws/build) ignored
[24.393s] Level 1:colcon.colcon_core.package_identification:_identify(/home/user/Shb_ws/devel) by extensions ['ignore', 'ignore_ament_install']
[24.393s] Level 1:colcon.colcon_core.package_identification:_identify(/home/user/Shb_ws/devel) by extension 'ignore'
[24.394s] Level 1:colcon.colcon_core.package_identification:_identify(/home/user/Shb_ws/devel) by extension 'ignore_ament_install'
[24.398s] Level 1:colcon.colcon_core.package_identification:_identify(/home/user/Shb_ws/devel) ignored
[24.399s] Level 1:colcon.colcon_core.package_identification:_identify(/home/user/Shb_ws/log) by extensions ['ignore', 'ignore_ament_install']
[24.400s] Level 1:colcon.colcon_core.package_identification:_identify(/home/user/Shb_ws/log) by extension 'ignore'
[24.400s] Level 1:colcon.colcon_core.package_identification:_identify(/home/user/Shb_ws/log) ignored
[24.401s] Level 1:colcon.colcon_core.package_identification:_identify(/home/user/Shb_ws/src) by extensions ['ignore', 'ignore_ament_install']
[24.401s] Level 1:colcon.colcon_core.package_identification:_identify(/home/user/Shb_ws/src) by extension 'ignore'
[24.402s] Level 1:colcon.colcon_core.package_identification:_identify(/home/user/Shb_ws/src) by extension 'ignore_ament_install'
[24.402s] Level 1:colcon.colcon_core.package_identification:_identify(/home/user/Shb_ws/src) by extensions ['colcon_pkg']
[24.402s] Level 1:colcon.colcon_core.package_identification:_identify(/home/user/Shb_ws/src) by extension 'colcon_pkg'
[24.402s] Level 1:colcon.colcon_core.package_identification:_identify(/home/user/Shb_ws/src) by extensions ['colcon_meta']
[24.403s] Level 1:colcon.colcon_core.package_identification:_identify(/home/user/Shb_ws/src) by extension 'colcon_meta'
[24.404s] Level 1:colcon.colcon_core.package_identification:_identify(/home/user/Shb_ws/src) by extensions ['ros']
[24.404s] Level 1:colcon.colcon_core.package_identification:_identify(/home/user/Shb_ws/src) by extension 'ros'
[24.405s] Level 1:colcon.colcon_core.package_identification:_identify(/home/user/Shb_ws/src) by extensions ['cmake', 'python']
[24.405s] Level 1:colcon.colcon_core.package_identification:_identify(/home/user/Shb_ws/src) by extension 'cmake'
[24.430s] WARNING:colcon.colcon_cmake.package_identification.cmake:Ignoring '/home/user/Shb_ws/src/CMakeLists.txt' since it seems to be a toplevel CMake file generated by 'catkin_make'
[24.430s] Level 1:colcon.colcon_core.package_identification:_identify(/home/user/Shb_ws/src) by extension 'python'
[24.431s] Level 1:colcon.colcon_core.package_identification:_identify(/home/user/Shb_ws/src) by extensions ['python_setup_py']
[24.431s] Level 1:colcon.colcon_core.package_identification:_identify(/home/user/Shb_ws/src) by extension 'python_setup_py'
[24.431s] Level 1:colcon.colcon_core.package_identification:_identify(/home/user/Shb_ws/src/motion_control) by extensions ['ignore', 'ignore_ament_install']
[24.432s] Level 1:colcon.colcon_core.package_identification:_identify(/home/user/Shb_ws/src/motion_control) by extension 'ignore'
[24.432s] Level 1:colcon.colcon_core.package_identification:_identify(/home/user/Shb_ws/src/motion_control) by extension 'ignore_ament_install'
[24.432s] Level 1:colcon.colcon_core.package_identification:_identify(/home/user/Shb_ws/src/motion_control) by extensions ['colcon_pkg']
[24.433s] Level 1:colcon.colcon_core.package_identification:_identify(/home/user/Shb_ws/src/motion_control) by extension 'colcon_pkg'
[24.433s] Level 1:colcon.colcon_core.package_identification:_identify(/home/user/Shb_ws/src/motion_control) by extensions ['colcon_meta']
[24.433s] Level 1:colcon.colcon_core.package_identification:_identify(/home/user/Shb_ws/src/motion_control) by extension 'colcon_meta'
[24.433s] Level 1:colcon.colcon_core.package_identification:_identify(/home/user/Shb_ws/src/motion_control) by extensions ['ros']
[24.433s] Level 1:colcon.colcon_core.package_identification:_identify(/home/user/Shb_ws/src/motion_control) by extension 'ros'
[24.446s] DEBUG:colcon.colcon_core.package_identification:Package '/home/user/Shb_ws/src/motion_control' with type 'ros.catkin' and name 'motion_control'
[24.446s] Level 1:colcon.colcon_core.package_identification:_identify(/home/user/Shb_ws/src/my_robot_control) by extensions ['ignore', 'ignore_ament_install']
[24.447s] Level 1:colcon.colcon_core.package_identification:_identify(/home/user/Shb_ws/src/my_robot_control) by extension 'ignore'
[24.447s] Level 1:colcon.colcon_core.package_identification:_identify(/home/user/Shb_ws/src/my_robot_control) by extension 'ignore_ament_install'
[24.447s] Level 1:colcon.colcon_core.package_identification:_identify(/home/user/Shb_ws/src/my_robot_control) by extensions ['colcon_pkg']
[24.447s] Level 1:colcon.colcon_core.package_identification:_identify(/home/user/Shb_ws/src/my_robot_control) by extension 'colcon_pkg'
[24.448s] Level 1:colcon.colcon_core.package_identification:_identify(/home/user/Shb_ws/src/my_robot_control) by extensions ['colcon_meta']
[24.448s] Level 1:colcon.colcon_core.package_identification:_identify(/home/user/Shb_ws/src/my_robot_control) by extension 'colcon_meta'
[24.448s] Level 1:colcon.colcon_core.package_identification:_identify(/home/user/Shb_ws/src/my_robot_control) by extensions ['ros']
[24.448s] Level 1:colcon.colcon_core.package_identification:_identify(/home/user/Shb_ws/src/my_robot_control) by extension 'ros'
[24.451s] DEBUG:colcon.colcon_core.package_identification:Package '/home/user/Shb_ws/src/my_robot_control' with type 'ros.catkin' and name 'my_robot_control'
[24.452s] Level 1:colcon.colcon_core.package_identification:_identify(/home/user/Shb_ws/src/point_to_distance) by extensions ['ignore', 'ignore_ament_install']
[24.452s] Level 1:colcon.colcon_core.package_identification:_identify(/home/user/Shb_ws/src/point_to_distance) by extension 'ignore'
[24.452s] Level 1:colcon.colcon_core.package_identification:_identify(/home/user/Shb_ws/src/point_to_distance) by extension 'ignore_ament_install'
[24.453s] Level 1:colcon.colcon_core.package_identification:_identify(/home/user/Shb_ws/src/point_to_distance) by extensions ['colcon_pkg']
[24.453s] Level 1:colcon.colcon_core.package_identification:_identify(/home/user/Shb_ws/src/point_to_distance) by extension 'colcon_pkg'
[24.453s] Level 1:colcon.colcon_core.package_identification:_identify(/home/user/Shb_ws/src/point_to_distance) by extensions ['colcon_meta']
[24.454s] Level 1:colcon.colcon_core.package_identification:_identify(/home/user/Shb_ws/src/point_to_distance) by extension 'colcon_meta'
[24.454s] Level 1:colcon.colcon_core.package_identification:_identify(/home/user/Shb_ws/src/point_to_distance) by extensions ['ros']
[24.454s] Level 1:colcon.colcon_core.package_identification:_identify(/home/user/Shb_ws/src/point_to_distance) by extension 'ros'
[24.457s] DEBUG:colcon.colcon_core.package_identification:Package '/home/user/Shb_ws/src/point_to_distance' with type 'ros.catkin' and name 'point_to_distance'
[24.458s] Level 1:colcon.colcon_core.package_identification:_identify(/home/user/Shb_ws/src/robot_motion) by extensions ['ignore', 'ignore_ament_install']
[24.458s] Level 1:colcon.colcon_core.package_identification:_identify(/home/user/Shb_ws/src/robot_motion) by extension 'ignore'
[24.459s] Level 1:colcon.colcon_core.package_identification:_identify(/home/user/Shb_ws/src/robot_motion) by extension 'ignore_ament_install'
[24.459s] Level 1:colcon.colcon_core.package_identification:_identify(/home/user/Shb_ws/src/robot_motion) by extensions ['colcon_pkg']
[24.459s] Level 1:colcon.colcon_core.package_identification:_identify(/home/user/Shb_ws/src/robot_motion) by extension 'colcon_pkg'
[24.459s] Level 1:colcon.colcon_core.package_identification:_identify(/home/user/Shb_ws/src/robot_motion) by extensions ['colcon_meta']
[24.460s] Level 1:colcon.colcon_core.package_identification:_identify(/home/user/Shb_ws/src/robot_motion) by extension 'colcon_meta'
[24.461s] Level 1:colcon.colcon_core.package_identification:_identify(/home/user/Shb_ws/src/robot_motion) by extensions ['ros']
[24.461s] Level 1:colcon.colcon_core.package_identification:_identify(/home/user/Shb_ws/src/robot_motion) by extension 'ros'
[24.465s] DEBUG:colcon.colcon_core.package_identification:Package '/home/user/Shb_ws/src/robot_motion' with type 'ros.catkin' and name 'robot_motion'
[24.466s] Level 1:colcon.colcon_core.package_identification:_identify(/home/user/Shb_ws/wheeltec_stop) by extensions ['ignore', 'ignore_ament_install']
[24.466s] Level 1:colcon.colcon_core.package_identification:_identify(/home/user/Shb_ws/wheeltec_stop) by extension 'ignore'
[24.466s] Level 1:colcon.colcon_core.package_identification:_identify(/home/user/Shb_ws/wheeltec_stop) by extension 'ignore_ament_install'
[24.467s] Level 1:colcon.colcon_core.package_identification:_identify(/home/user/Shb_ws/wheeltec_stop) by extensions ['colcon_pkg']
[24.467s] Level 1:colcon.colcon_core.package_identification:_identify(/home/user/Shb_ws/wheeltec_stop) by extension 'colcon_pkg'
[24.467s] Level 1:colcon.colcon_core.package_identification:_identify(/home/user/Shb_ws/wheeltec_stop) by extensions ['colcon_meta']
[24.467s] Level 1:colcon.colcon_core.package_identification:_identify(/home/user/Shb_ws/wheeltec_stop) by extension 'colcon_meta'
[24.468s] Level 1:colcon.colcon_core.package_identification:_identify(/home/user/Shb_ws/wheeltec_stop) by extensions ['ros']
[24.468s] Level 1:colcon.colcon_core.package_identification:_identify(/home/user/Shb_ws/wheeltec_stop) by extension 'ros'
[24.468s] Level 1:colcon.colcon_core.package_identification:_identify(/home/user/Shb_ws/wheeltec_stop) by extensions ['cmake', 'python']
[24.468s] Level 1:colcon.colcon_core.package_identification:_identify(/home/user/Shb_ws/wheeltec_stop) by extension 'cmake'
[24.468s] Level 1:colcon.colcon_core.package_identification:_identify(/home/user/Shb_ws/wheeltec_stop) by extension 'python'
[24.469s] Level 1:colcon.colcon_core.package_identification:_identify(/home/user/Shb_ws/wheeltec_stop) by extensions ['python_setup_py']
[24.469s] Level 1:colcon.colcon_core.package_identification:_identify(/home/user/Shb_ws/wheeltec_stop) by extension 'python_setup_py'
[24.469s] Level 1:colcon.colcon_core.package_identification:_identify(/home/user/Shb_ws/wheeltec_stop/wheeltec_stop) by extensions ['ignore', 'ignore_ament_install']
[24.470s] Level 1:colcon.colcon_core.package_identification:_identify(/home/user/Shb_ws/wheeltec_stop/wheeltec_stop) by extension 'ignore'
[24.470s] Level 1:colcon.colcon_core.package_identification:_identify(/home/user/Shb_ws/wheeltec_stop/wheeltec_stop) by extension 'ignore_ament_install'
[24.470s] Level 1:colcon.colcon_core.package_identification:_identify(/home/user/Shb_ws/wheeltec_stop/wheeltec_stop) by extensions ['colcon_pkg']
[24.471s] Level 1:colcon.colcon_core.package_identification:_identify(/home/user/Shb_ws/wheeltec_stop/wheeltec_stop) by extension 'colcon_pkg'
[24.471s] Level 1:colcon.colcon_core.package_identification:_identify(/home/user/Shb_ws/wheeltec_stop/wheeltec_stop) by extensions ['colcon_meta']
[24.471s] Level 1:colcon.colcon_core.package_identification:_identify(/home/user/Shb_ws/wheeltec_stop/wheeltec_stop) by extension 'colcon_meta'
[24.471s] Level 1:colcon.colcon_core.package_identification:_identify(/home/user/Shb_ws/wheeltec_stop/wheeltec_stop) by extensions ['ros']
[24.471s] Level 1:colcon.colcon_core.package_identification:_identify(/home/user/Shb_ws/wheeltec_stop/wheeltec_stop) by extension 'ros'
[24.476s] DEBUG:colcon.colcon_core.package_identification:Package '/home/user/Shb_ws/wheeltec_stop/wheeltec_stop' with type 'ros.catkin' and name 'wheeltec_stop'
[24.476s] Level 1:colcon.colcon_core.package_discovery:discover_packages(recursive) using defaults
